<?xml version="1.0" encoding="UTF-8"?>
<testsuite xmlns:xsi="http://www.w3.org/2001/XMLSchema-instance" xsi:noNamespaceSchemaLocation="https://maven.apache.org/surefire/maven-surefire-plugin/xsd/surefire-test-report.xsd" name="com.zhonghaijun.ssj.service.shiro.ShiroTest" time="0.01" tests="3" errors="0" skipped="0" failures="0">
  <properties>
    <property name="sun.desktop" value="windows"/>
    <property name="awt.toolkit" value="sun.awt.windows.WToolkit"/>
    <property name="file.encoding.pkg" value="sun.io"/>
    <property name="java.specification.version" value="1.8"/>
    <property name="sun.cpu.isalist" value="pentium_pro+mmx pentium_pro pentium+mmx pentium i486 i386 i86"/>
    <property name="sun.jnu.encoding" value="GBK"/>
    <property name="java.class.path" value="E:\idea\SmartSell\target\test-classes;E:\idea\SmartSell\target\classes;D:\opensource\repository\org\springframework\spring-core\4.2.5.RELEASE\spring-core-4.2.5.RELEASE.jar;D:\opensource\repository\commons-logging\commons-logging\1.2\commons-logging-1.2.jar;D:\opensource\repository\org\springframework\spring-context\4.2.5.RELEASE\spring-context-4.2.5.RELEASE.jar;D:\opensource\repository\org\springframework\spring-beans\4.2.5.RELEASE\spring-beans-4.2.5.RELEASE.jar;D:\opensource\repository\org\springframework\spring-expression\4.2.5.RELEASE\spring-expression-4.2.5.RELEASE.jar;D:\opensource\repository\org\springframework\spring-context-support\4.2.5.RELEASE\spring-context-support-4.2.5.RELEASE.jar;D:\opensource\repository\org\springframework\spring-tx\4.2.5.RELEASE\spring-tx-4.2.5.RELEASE.jar;D:\opensource\repository\org\springframework\spring-jdbc\4.2.5.RELEASE\spring-jdbc-4.2.5.RELEASE.jar;D:\opensource\repository\org\springframework\spring-orm\4.2.5.RELEASE\spring-orm-4.2.5.RELEASE.jar;D:\opensource\repository\org\springframework\spring-aop\4.2.5.RELEASE\spring-aop-4.2.5.RELEASE.jar;D:\opensource\repository\aopalliance\aopalliance\1.0\aopalliance-1.0.jar;D:\opensource\repository\org\springframework\spring-test\4.2.5.RELEASE\spring-test-4.2.5.RELEASE.jar;D:\opensource\repository\org\springframework\spring-web\4.2.5.RELEASE\spring-web-4.2.5.RELEASE.jar;D:\opensource\repository\org\springframework\spring-webmvc\4.2.5.RELEASE\spring-webmvc-4.2.5.RELEASE.jar;D:\opensource\repository\commons-io\commons-io\1.3.2\commons-io-1.3.2.jar;D:\opensource\repository\commons-fileupload\commons-fileupload\1.2.2\commons-fileupload-1.2.2.jar;D:\opensource\repository\com\fasterxml\jackson\core\jackson-core\2.5.0\jackson-core-2.5.0.jar;D:\opensource\repository\com\fasterxml\jackson\core\jackson-annotations\2.5.0\jackson-annotations-2.5.0.jar;D:\opensource\repository\com\fasterxml\jackson\core\jackson-databind\2.5.0\jackson-databind-2.5.0.jar;D:\opensource\repository\org\hibernate\hibernate-core\4.3.8.Final\hibernate-core-4.3.8.Final.jar;D:\opensource\repository\org\jboss\logging\jboss-logging\3.1.3.GA\jboss-logging-3.1.3.GA.jar;D:\opensource\repository\org\jboss\logging\jboss-logging-annotations\1.2.0.Beta1\jboss-logging-annotations-1.2.0.Beta1.jar;D:\opensource\repository\org\jboss\spec\javax\transaction\jboss-transaction-api_1.2_spec\1.0.0.Final\jboss-transaction-api_1.2_spec-1.0.0.Final.jar;D:\opensource\repository\dom4j\dom4j\1.6.1\dom4j-1.6.1.jar;D:\opensource\repository\xml-apis\xml-apis\1.0.b2\xml-apis-1.0.b2.jar;D:\opensource\repository\org\hibernate\common\hibernate-commons-annotations\4.0.5.Final\hibernate-commons-annotations-4.0.5.Final.jar;D:\opensource\repository\org\hibernate\javax\persistence\hibernate-jpa-2.1-api\1.0.0.Final\hibernate-jpa-2.1-api-1.0.0.Final.jar;D:\opensource\repository\org\javassist\javassist\3.18.1-GA\javassist-3.18.1-GA.jar;D:\opensource\repository\antlr\antlr\2.7.7\antlr-2.7.7.jar;D:\opensource\repository\org\jboss\jandex\1.1.0.Final\jandex-1.1.0.Final.jar;D:\opensource\repository\org\hibernate\hibernate-entitymanager\4.3.8.Final\hibernate-entitymanager-4.3.8.Final.jar;D:\opensource\repository\org\springframework\data\spring-data-jpa\1.9.0.RELEASE\spring-data-jpa-1.9.0.RELEASE.jar;D:\opensource\repository\org\springframework\data\spring-data-commons\1.11.0.RELEASE\spring-data-commons-1.11.0.RELEASE.jar;D:\opensource\repository\org\aspectj\aspectjrt\1.8.6\aspectjrt-1.8.6.jar;D:\opensource\repository\org\slf4j\jcl-over-slf4j\1.7.12\jcl-over-slf4j-1.7.12.jar;D:\opensource\repository\com\baidu\aip\java-sdk\4.8.0\java-sdk-4.8.0.jar;D:\opensource\repository\org\json\json\20160810\json-20160810.jar;D:\opensource\repository\com\github\wenhao\jpa-spec\3.1.1\jpa-spec-3.1.1.jar;D:\opensource\repository\commons-dbcp\commons-dbcp\1.2.2\commons-dbcp-1.2.2.jar;D:\opensource\repository\commons-pool\commons-pool\1.3\commons-pool-1.3.jar;D:\opensource\repository\mysql\mysql-connector-java\5.1.6\mysql-connector-java-5.1.6.jar;D:\opensource\repository\org\apache\commons\commons-lang3\3.5\commons-lang3-3.5.jar;D:\opensource\repository\junit\junit\4.12\junit-4.12.jar;D:\opensource\repository\org\hamcrest\hamcrest-core\1.3\hamcrest-core-1.3.jar;D:\opensource\repository\javax\servlet\javax.servlet-api\3.1.0\javax.servlet-api-3.1.0.jar;D:\opensource\repository\org\slf4j\slf4j-api\1.6.1\slf4j-api-1.6.1.jar;D:\opensource\repository\org\slf4j\slf4j-log4j12\1.6.1\slf4j-log4j12-1.6.1.jar;D:\opensource\repository\log4j\log4j\1.2.14\log4j-1.2.14.jar;D:\opensource\repository\org\apache\velocity\velocity\1.6\velocity-1.6.jar;D:\opensource\repository\commons-collections\commons-collections\3.2.1\commons-collections-3.2.1.jar;D:\opensource\repository\commons-lang\commons-lang\2.4\commons-lang-2.4.jar;D:\opensource\repository\oro\oro\2.0.8\oro-2.0.8.jar;D:\opensource\repository\org\apache\shiro\shiro-lang\1.4.0\shiro-lang-1.4.0.jar;D:\opensource\repository\org\apache\shiro\shiro-config-core\1.4.0\shiro-config-core-1.4.0.jar;D:\opensource\repository\org\apache\shiro\shiro-config-ogdl\1.4.0\shiro-config-ogdl-1.4.0.jar;D:\opensource\repository\commons-beanutils\commons-beanutils\1.9.3\commons-beanutils-1.9.3.jar;D:\opensource\repository\org\apache\shiro\shiro-crypto-core\1.4.0\shiro-crypto-core-1.4.0.jar;D:\opensource\repository\org\apache\shiro\shiro-crypto-hash\1.4.0\shiro-crypto-hash-1.4.0.jar;D:\opensource\repository\org\apache\shiro\shiro-crypto-cipher\1.4.0\shiro-crypto-cipher-1.4.0.jar;D:\opensource\repository\org\apache\shiro\shiro-event\1.4.0\shiro-event-1.4.0.jar;D:\opensource\repository\org\apache\shiro\shiro-web\1.4.0\shiro-web-1.4.0.jar;D:\opensource\repository\org\apache\shiro\shiro-aspectj\1.4.0\shiro-aspectj-1.4.0.jar;D:\opensource\repository\org\aspectj\aspectjweaver\1.8.9\aspectjweaver-1.8.9.jar;D:\opensource\repository\org\apache\shiro\shiro-ehcache\1.4.0\shiro-ehcache-1.4.0.jar;D:\opensource\repository\net\sf\ehcache\ehcache-core\2.6.11\ehcache-core-2.6.11.jar;D:\opensource\repository\org\apache\shiro\shiro-guice\1.4.0\shiro-guice-1.4.0.jar;D:\opensource\repository\com\google\inject\guice\3.0\guice-3.0.jar;D:\opensource\repository\javax\inject\javax.inject\1\javax.inject-1.jar;D:\opensource\repository\com\google\inject\extensions\guice-multibindings\3.0\guice-multibindings-3.0.jar;D:\opensource\repository\org\apache\shiro\shiro-hazelcast\1.4.0\shiro-hazelcast-1.4.0.jar;D:\opensource\repository\com\hazelcast\hazelcast\3.7.2\hazelcast-3.7.2.jar;D:\opensource\repository\org\apache\shiro\shiro-quartz\1.4.0\shiro-quartz-1.4.0.jar;D:\opensource\repository\org\opensymphony\quartz\quartz\1.6.1\quartz-1.6.1.jar;D:\opensource\repository\org\apache\shiro\shiro-spring\1.4.0\shiro-spring-1.4.0.jar;D:\opensource\repository\cn\afterturn\easypoi-base\3.2.0\easypoi-base-3.2.0.jar;D:\opensource\repository\org\apache\poi\poi\3.15\poi-3.15.jar;D:\opensource\repository\commons-codec\commons-codec\1.10\commons-codec-1.10.jar;D:\opensource\repository\org\apache\commons\commons-collections4\4.1\commons-collections4-4.1.jar;D:\opensource\repository\org\apache\poi\poi-ooxml\3.15\poi-ooxml-3.15.jar;D:\opensource\repository\com\github\virtuald\curvesapi\1.04\curvesapi-1.04.jar;D:\opensource\repository\org\apache\poi\poi-ooxml-schemas\3.15\poi-ooxml-schemas-3.15.jar;D:\opensource\repository\org\apache\xmlbeans\xmlbeans\2.6.0\xmlbeans-2.6.0.jar;D:\opensource\repository\stax\stax-api\1.0.1\stax-api-1.0.1.jar;D:\opensource\repository\com\google\guava\guava\16.0.1\guava-16.0.1.jar;D:\opensource\repository\javax\validation\validation-api\1.1.0.Final\validation-api-1.1.0.Final.jar;D:\opensource\repository\cn\afterturn\easypoi-web\3.2.0\easypoi-web-3.2.0.jar;D:\opensource\repository\cn\afterturn\easypoi-annotation\3.2.0\easypoi-annotation-3.2.0.jar;D:\opensource\repository\org\hibernate\hibernate-validator\5.2.4.Final\hibernate-validator-5.2.4.Final.jar;D:\opensource\repository\com\fasterxml\classmate\1.1.0\classmate-1.1.0.jar;D:\opensource\repository\net\coobird\thumbnailator\0.4.6\thumbnailator-0.4.6.jar;D:\opensource\repository\quartz\quartz\1.5.2\quartz-1.5.2.jar;D:\opensource\repository\javax\mail\mail\1.4.1\mail-1.4.1.jar;D:\opensource\repository\javax\activation\activation\1.1\activation-1.1.jar;D:\opensource\repository\org\apache\shiro\shiro-core\1.4.0\shiro-core-1.4.0.jar;D:\opensource\repository\org\apache\shiro\shiro-cache\1.4.0\shiro-cache-1.4.0.jar;D:\opensource\repository\org\springframework\spring-websocket\4.0.6.RELEASE\spring-websocket-4.0.6.RELEASE.jar;D:\opensource\repository\org\springframework\spring-messaging\4.0.6.RELEASE\spring-messaging-4.0.6.RELEASE.jar;D:\opensource\repository\javax\el\el-api\2.2\el-api-2.2.jar;"/>
    <property name="java.vm.vendor" value="Oracle Corporation"/>
    <property name="sun.arch.data.model" value="32"/>
    <property name="user.variant" value=""/>
    <property name="java.vendor.url" value="http://java.oracle.com/"/>
    <property name="user.timezone" value="GMT+08:00"/>
    <property name="java.vm.specification.version" value="1.8"/>
    <property name="os.name" value="Windows 10"/>
    <property name="user.country" value="CN"/>
    <property name="sun.java.launcher" value="SUN_STANDARD"/>
    <property name="sun.boot.library.path" value="D:\Java\jre\bin"/>
    <property name="sun.java.command" value="C:\Users\14241\AppData\Local\Temp\surefire7059341926329378192\surefirebooter6788501897566138687.jar C:\Users\14241\AppData\Local\Temp\surefire7059341926329378192 2019-06-28T22-39-23_431-jvmRun1 surefire5196332526549219004tmp surefire_04045782259983301404tmp"/>
    <property name="surefire.test.class.path" value="E:\idea\SmartSell\target\test-classes;E:\idea\SmartSell\target\classes;D:\opensource\repository\org\springframework\spring-core\4.2.5.RELEASE\spring-core-4.2.5.RELEASE.jar;D:\opensource\repository\commons-logging\commons-logging\1.2\commons-logging-1.2.jar;D:\opensource\repository\org\springframework\spring-context\4.2.5.RELEASE\spring-context-4.2.5.RELEASE.jar;D:\opensource\repository\org\springframework\spring-beans\4.2.5.RELEASE\spring-beans-4.2.5.RELEASE.jar;D:\opensource\repository\org\springframework\spring-expression\4.2.5.RELEASE\spring-expression-4.2.5.RELEASE.jar;D:\opensource\repository\org\springframework\spring-context-support\4.2.5.RELEASE\spring-context-support-4.2.5.RELEASE.jar;D:\opensource\repository\org\springframework\spring-tx\4.2.5.RELEASE\spring-tx-4.2.5.RELEASE.jar;D:\opensource\repository\org\springframework\spring-jdbc\4.2.5.RELEASE\spring-jdbc-4.2.5.RELEASE.jar;D:\opensource\repository\org\springframework\spring-orm\4.2.5.RELEASE\spring-orm-4.2.5.RELEASE.jar;D:\opensource\repository\org\springframework\spring-aop\4.2.5.RELEASE\spring-aop-4.2.5.RELEASE.jar;D:\opensource\repository\aopalliance\aopalliance\1.0\aopalliance-1.0.jar;D:\opensource\repository\org\springframework\spring-test\4.2.5.RELEASE\spring-test-4.2.5.RELEASE.jar;D:\opensource\repository\org\springframework\spring-web\4.2.5.RELEASE\spring-web-4.2.5.RELEASE.jar;D:\opensource\repository\org\springframework\spring-webmvc\4.2.5.RELEASE\spring-webmvc-4.2.5.RELEASE.jar;D:\opensource\repository\commons-io\commons-io\1.3.2\commons-io-1.3.2.jar;D:\opensource\repository\commons-fileupload\commons-fileupload\1.2.2\commons-fileupload-1.2.2.jar;D:\opensource\repository\com\fasterxml\jackson\core\jackson-core\2.5.0\jackson-core-2.5.0.jar;D:\opensource\repository\com\fasterxml\jackson\core\jackson-annotations\2.5.0\jackson-annotations-2.5.0.jar;D:\opensource\repository\com\fasterxml\jackson\core\jackson-databind\2.5.0\jackson-databind-2.5.0.jar;D:\opensource\repository\org\hibernate\hibernate-core\4.3.8.Final\hibernate-core-4.3.8.Final.jar;D:\opensource\repository\org\jboss\logging\jboss-logging\3.1.3.GA\jboss-logging-3.1.3.GA.jar;D:\opensource\repository\org\jboss\logging\jboss-logging-annotations\1.2.0.Beta1\jboss-logging-annotations-1.2.0.Beta1.jar;D:\opensource\repository\org\jboss\spec\javax\transaction\jboss-transaction-api_1.2_spec\1.0.0.Final\jboss-transaction-api_1.2_spec-1.0.0.Final.jar;D:\opensource\repository\dom4j\dom4j\1.6.1\dom4j-1.6.1.jar;D:\opensource\repository\xml-apis\xml-apis\1.0.b2\xml-apis-1.0.b2.jar;D:\opensource\repository\org\hibernate\common\hibernate-commons-annotations\4.0.5.Final\hibernate-commons-annotations-4.0.5.Final.jar;D:\opensource\repository\org\hibernate\javax\persistence\hibernate-jpa-2.1-api\1.0.0.Final\hibernate-jpa-2.1-api-1.0.0.Final.jar;D:\opensource\repository\org\javassist\javassist\3.18.1-GA\javassist-3.18.1-GA.jar;D:\opensource\repository\antlr\antlr\2.7.7\antlr-2.7.7.jar;D:\opensource\repository\org\jboss\jandex\1.1.0.Final\jandex-1.1.0.Final.jar;D:\opensource\repository\org\hibernate\hibernate-entitymanager\4.3.8.Final\hibernate-entitymanager-4.3.8.Final.jar;D:\opensource\repository\org\springframework\data\spring-data-jpa\1.9.0.RELEASE\spring-data-jpa-1.9.0.RELEASE.jar;D:\opensource\repository\org\springframework\data\spring-data-commons\1.11.0.RELEASE\spring-data-commons-1.11.0.RELEASE.jar;D:\opensource\repository\org\aspectj\aspectjrt\1.8.6\aspectjrt-1.8.6.jar;D:\opensource\repository\org\slf4j\jcl-over-slf4j\1.7.12\jcl-over-slf4j-1.7.12.jar;D:\opensource\repository\com\baidu\aip\java-sdk\4.8.0\java-sdk-4.8.0.jar;D:\opensource\repository\org\json\json\20160810\json-20160810.jar;D:\opensource\repository\com\github\wenhao\jpa-spec\3.1.1\jpa-spec-3.1.1.jar;D:\opensource\repository\commons-dbcp\commons-dbcp\1.2.2\commons-dbcp-1.2.2.jar;D:\opensource\repository\commons-pool\commons-pool\1.3\commons-pool-1.3.jar;D:\opensource\repository\mysql\mysql-connector-java\5.1.6\mysql-connector-java-5.1.6.jar;D:\opensource\repository\org\apache\commons\commons-lang3\3.5\commons-lang3-3.5.jar;D:\opensource\repository\junit\junit\4.12\junit-4.12.jar;D:\opensource\repository\org\hamcrest\hamcrest-core\1.3\hamcrest-core-1.3.jar;D:\opensource\repository\javax\servlet\javax.servlet-api\3.1.0\javax.servlet-api-3.1.0.jar;D:\opensource\repository\org\slf4j\slf4j-api\1.6.1\slf4j-api-1.6.1.jar;D:\opensource\repository\org\slf4j\slf4j-log4j12\1.6.1\slf4j-log4j12-1.6.1.jar;D:\opensource\repository\log4j\log4j\1.2.14\log4j-1.2.14.jar;D:\opensource\repository\org\apache\velocity\velocity\1.6\velocity-1.6.jar;D:\opensource\repository\commons-collections\commons-collections\3.2.1\commons-collections-3.2.1.jar;D:\opensource\repository\commons-lang\commons-lang\2.4\commons-lang-2.4.jar;D:\opensource\repository\oro\oro\2.0.8\oro-2.0.8.jar;D:\opensource\repository\org\apache\shiro\shiro-lang\1.4.0\shiro-lang-1.4.0.jar;D:\opensource\repository\org\apache\shiro\shiro-config-core\1.4.0\shiro-config-core-1.4.0.jar;D:\opensource\repository\org\apache\shiro\shiro-config-ogdl\1.4.0\shiro-config-ogdl-1.4.0.jar;D:\opensource\repository\commons-beanutils\commons-beanutils\1.9.3\commons-beanutils-1.9.3.jar;D:\opensource\repository\org\apache\shiro\shiro-crypto-core\1.4.0\shiro-crypto-core-1.4.0.jar;D:\opensource\repository\org\apache\shiro\shiro-crypto-hash\1.4.0\shiro-crypto-hash-1.4.0.jar;D:\opensource\repository\org\apache\shiro\shiro-crypto-cipher\1.4.0\shiro-crypto-cipher-1.4.0.jar;D:\opensource\repository\org\apache\shiro\shiro-event\1.4.0\shiro-event-1.4.0.jar;D:\opensource\repository\org\apache\shiro\shiro-web\1.4.0\shiro-web-1.4.0.jar;D:\opensource\repository\org\apache\shiro\shiro-aspectj\1.4.0\shiro-aspectj-1.4.0.jar;D:\opensource\repository\org\aspectj\aspectjweaver\1.8.9\aspectjweaver-1.8.9.jar;D:\opensource\repository\org\apache\shiro\shiro-ehcache\1.4.0\shiro-ehcache-1.4.0.jar;D:\opensource\repository\net\sf\ehcache\ehcache-core\2.6.11\ehcache-core-2.6.11.jar;D:\opensource\repository\org\apache\shiro\shiro-guice\1.4.0\shiro-guice-1.4.0.jar;D:\opensource\repository\com\google\inject\guice\3.0\guice-3.0.jar;D:\opensource\repository\javax\inject\javax.inject\1\javax.inject-1.jar;D:\opensource\repository\com\google\inject\extensions\guice-multibindings\3.0\guice-multibindings-3.0.jar;D:\opensource\repository\org\apache\shiro\shiro-hazelcast\1.4.0\shiro-hazelcast-1.4.0.jar;D:\opensource\repository\com\hazelcast\hazelcast\3.7.2\hazelcast-3.7.2.jar;D:\opensource\repository\org\apache\shiro\shiro-quartz\1.4.0\shiro-quartz-1.4.0.jar;D:\opensource\repository\org\opensymphony\quartz\quartz\1.6.1\quartz-1.6.1.jar;D:\opensource\repository\org\apache\shiro\shiro-spring\1.4.0\shiro-spring-1.4.0.jar;D:\opensource\repository\cn\afterturn\easypoi-base\3.2.0\easypoi-base-3.2.0.jar;D:\opensource\repository\org\apache\poi\poi\3.15\poi-3.15.jar;D:\opensource\repository\commons-codec\commons-codec\1.10\commons-codec-1.10.jar;D:\opensource\repository\org\apache\commons\commons-collections4\4.1\commons-collections4-4.1.jar;D:\opensource\repository\org\apache\poi\poi-ooxml\3.15\poi-ooxml-3.15.jar;D:\opensource\repository\com\github\virtuald\curvesapi\1.04\curvesapi-1.04.jar;D:\opensource\repository\org\apache\poi\poi-ooxml-schemas\3.15\poi-ooxml-schemas-3.15.jar;D:\opensource\repository\org\apache\xmlbeans\xmlbeans\2.6.0\xmlbeans-2.6.0.jar;D:\opensource\repository\stax\stax-api\1.0.1\stax-api-1.0.1.jar;D:\opensource\repository\com\google\guava\guava\16.0.1\guava-16.0.1.jar;D:\opensource\repository\javax\validation\validation-api\1.1.0.Final\validation-api-1.1.0.Final.jar;D:\opensource\repository\cn\afterturn\easypoi-web\3.2.0\easypoi-web-3.2.0.jar;D:\opensource\repository\cn\afterturn\easypoi-annotation\3.2.0\easypoi-annotation-3.2.0.jar;D:\opensource\repository\org\hibernate\hibernate-validator\5.2.4.Final\hibernate-validator-5.2.4.Final.jar;D:\opensource\repository\com\fasterxml\classmate\1.1.0\classmate-1.1.0.jar;D:\opensource\repository\net\coobird\thumbnailator\0.4.6\thumbnailator-0.4.6.jar;D:\opensource\repository\quartz\quartz\1.5.2\quartz-1.5.2.jar;D:\opensource\repository\javax\mail\mail\1.4.1\mail-1.4.1.jar;D:\opensource\repository\javax\activation\activation\1.1\activation-1.1.jar;D:\opensource\repository\org\apache\shiro\shiro-core\1.4.0\shiro-core-1.4.0.jar;D:\opensource\repository\org\apache\shiro\shiro-cache\1.4.0\shiro-cache-1.4.0.jar;D:\opensource\repository\org\springframework\spring-websocket\4.0.6.RELEASE\spring-websocket-4.0.6.RELEASE.jar;D:\opensource\repository\org\springframework\spring-messaging\4.0.6.RELEASE\spring-messaging-4.0.6.RELEASE.jar;D:\opensource\repository\javax\el\el-api\2.2\el-api-2.2.jar;"/>
    <property name="sun.cpu.endian" value="little"/>
    <property name="user.home" value="C:\Users\14241"/>
    <property name="user.language" value="zh"/>
    <property name="java.specification.vendor" value="Oracle Corporation"/>
    <property name="java.home" value="D:\Java\jre"/>
    <property name="basedir" value="E:\idea\SmartSell"/>
    <property name="file.separator" value="\"/>
    <property name="line.separator" value="&#10;"/>
    <property name="java.vm.specification.vendor" value="Oracle Corporation"/>
    <property name="java.specification.name" value="Java Platform API Specification"/>
    <property name="java.awt.graphicsenv" value="sun.awt.Win32GraphicsEnvironment"/>
    <property name="surefire.real.class.path" value="C:\Users\14241\AppData\Local\Temp\surefire7059341926329378192\surefirebooter6788501897566138687.jar"/>
    <property name="sun.boot.class.path" value="D:\Java\jre\lib\resources.jar;D:\Java\jre\lib\rt.jar;D:\Java\jre\lib\sunrsasign.jar;D:\Java\jre\lib\jsse.jar;D:\Java\jre\lib\jce.jar;D:\Java\jre\lib\charsets.jar;D:\Java\jre\lib\jfr.jar;D:\Java\jre\classes"/>
    <property name="user.script" value=""/>
    <property name="sun.management.compiler" value="HotSpot Client Compiler"/>
    <property name="java.runtime.version" value="1.8.0_102-b14"/>
    <property name="user.name" value="14241"/>
    <property name="path.separator" value=";"/>
    <property name="os.version" value="10.0"/>
    <property name="java.endorsed.dirs" value="D:\Java\jre\lib\endorsed"/>
    <property name="java.runtime.name" value="Java(TM) SE Runtime Environment"/>
    <property name="file.encoding" value="GBK"/>
    <property name="java.vm.name" value="Java HotSpot(TM) Client VM"/>
    <property name="localRepository" value="D:\opensource\repository"/>
    <property name="java.vendor.url.bug" value="http://bugreport.sun.com/bugreport/"/>
    <property name="java.io.tmpdir" value="C:\Users\14241\AppData\Local\Temp\"/>
    <property name="idea.version" value="2017.3.3"/>
    <property name="java.version" value="1.8.0_102"/>
    <property name="user.dir" value="E:\idea\SmartSell"/>
    <property name="os.arch" value="x86"/>
    <property name="java.vm.specification.name" value="Java Virtual Machine Specification"/>
    <property name="java.awt.printerjob" value="sun.awt.windows.WPrinterJob"/>
    <property name="sun.os.patch.level" value=""/>
    <property name="java.library.path" value="D:\Java\jre\bin;C:\WINDOWS\Sun\Java\bin;C:\WINDOWS\system32;C:\WINDOWS;C:\Program Files (x86)\Common Files\NetSarang;C:\Program Files (x86)\Intel\Intel(R) Management Engine Components\iCLS\;C:\Program Files\Intel\Intel(R) Management Engine Components\iCLS\;C:\Windows\system32;C:\Windows;C:\Windows\System32\Wbem;C:\Windows\System32\WindowsPowerShell\v1.0\;C:\Program Files (x86)\Intel\Intel(R) Management Engine Components\DAL;C:\Program Files\Intel\Intel(R) Management Engine Components\DAL;C:\Program Files (x86)\Intel\Intel(R) Management Engine Components\IPT;C:\Program Files\Intel\Intel(R) Management Engine Components\IPT;C:\Program Files (x86)\NVIDIA Corporation\PhysX\Common;C:\Program Files\Intel\WiFi\bin\;C:\Program Files\Common Files\Intel\WirelessCommon\;D:\Java\bin;C:\Program Files\NVIDIA Corporation\NVIDIA NvDLISR;C:\Program Files (x86)\MySQL\MySQL Server 5.5\bin;C:\WINDOWS\system32;C:\WINDOWS;C:\WINDOWS\System32\Wbem;C:\WINDOWS\System32\WindowsPowerShell\v1.0\;C:\WINDOWS\System32\OpenSSH\;D:\opensource\apache-maven-3.3.9\bin;D:\svn\TortoiseSVN\bin;D:\opensource\TortoiseGit\bin;D:\opensource\nodejs\;C:\Users\14241\AppData\Local\Microsoft\WindowsApps;C:\Users\14241\AppData\Local\BypassRuntm;C:\Users\14241\AppData\Roaming\npm;."/>
    <property name="java.vm.info" value="mixed mode, sharing"/>
    <property name="java.vendor" value="Oracle Corporation"/>
    <property name="java.vm.version" value="25.102-b14"/>
    <property name="java.ext.dirs" value="D:\Java\jre\lib\ext;C:\WINDOWS\Sun\Java\lib\ext"/>
    <property name="sun.io.unicode.encoding" value="UnicodeLittle"/>
    <property name="java.class.version" value="52.0"/>
  </properties>
  <testcase name="test" classname="com.zhonghaijun.ssj.service.shiro.ShiroTest" time="0.004"/>
  <testcase name="test2" classname="com.zhonghaijun.ssj.service.shiro.ShiroTest" time="0.003"/>
  <testcase name="test3" classname="com.zhonghaijun.ssj.service.shiro.ShiroTest" time="0.003"/>
</testsuite>